<?xml version="1.0" encoding="UTF-8"?>
<!-- Generated by org.testng.reporters.JUnitXMLReporter -->
<testsuite ignored="1" hostname="DESKTOP-19VCKBM" failures="0" tests="10" name="test cases" time="0.222" errors="0" timestamp="2022-12-14T13:46:37 IST">
  <testcase classname="testNG.TestAnnotation" name="enterUserName" time="0.017"/>
  <testcase classname="testNG.SkiptestCase" name="clickSubmit" time="0.012"/>
  <testcase classname="testNG.SkiptestCase" name="enterUserName" time="0.02"/>
  <testcase classname="testNG.TestAnnotation" name="enterPassword" time="0.008"/>
  <testcase classname="testNG.SkiptestCase" name="powerOnLaptop" time="0.006"/>
  <testcase classname="testNG.TestAnnotation" name="clickSubmit" time="0.02"/>
  <testcase classname="testNG.SkiptestCase" name="enterPassword" time="0.034"/>
  <testcase classname="testNG.TestAnnotation" name="openEclipse" time="0.018"/>
  <testcase classname="testNG.TestAnnotation" name="powerOnLaptop" time="0.037"/>
  <testcase classname="testNG.Parameter" name="add" time="0.065"/>
  <testcase classname="testNG.SkiptestCase" name="openEclipse" time="0.0">
    <ignored/>
  </testcase> <!-- openEclipse -->
</testsuite> <!-- test cases -->
