<?xml version="1.0" encoding="UTF-8"?>
<!-- Generated by org.testng.reporters.JUnitReportReporter -->
<testsuite hostname="DESKTOP-19VCKBM" failures="0" tests="8" name="testNG.Groups" time="0.053" errors="0" timestamp="2024-09-23T13:55:32 IST" skipped="0">
  <testcase classname="testNG.Groups" name="crompton" time="0.003"/>
  <testcase classname="testNG.Groups" name="philips" time="0.009"/>
  <testcase classname="testNG.Groups" name="samsung" time="0.008"/>
  <testcase classname="testNG.Groups" name="bosch" time="0.019"/>
  <testcase classname="testNG.Groups" name="surya" time="0.003"/>
  <testcase classname="testNG.Groups" name="orion" time="0.005"/>
  <testcase classname="testNG.Groups" name="godrej" time="0.003"/>
  <testcase classname="testNG.Groups" name="whirlpool" time="0.003"/>
</testsuite> <!-- testNG.Groups -->
