<?xml version="1.0" encoding="UTF-8"?>
<!-- Generated by org.testng.reporters.JUnitReportReporter -->
<testsuite hostname="DESKTOP-19VCKBM" failures="0" tests="4" name="testNG.Dependency" time="0.049" errors="0" timestamp="2024-09-23T13:14:51 IST" skipped="0">
  <testcase classname="testNG.Dependency" name="edit" time="0.033"/>
  <testcase classname="testNG.Dependency" name="modify" time="0.006"/>
  <testcase classname="testNG.Dependency" name="create" time="0.006"/>
  <testcase classname="testNG.Dependency" name="delete" time="0.004"/>
</testsuite> <!-- testNG.Dependency -->
