<?xml version="1.0" encoding="UTF-8"?>
<!-- Generated by org.testng.reporters.JUnitReportReporter -->
<testsuite hostname="DESKTOP-19VCKBM" failures="0" tests="2" name="testNG.OrderOfAnnotatonsExecution" time="0.031" errors="0" timestamp="2024-09-23T13:56:56 IST" skipped="0">
  <testcase classname="testNG.OrderOfAnnotatonsExecution" name="test" time="0.018"/>
  <testcase classname="testNG.OrderOfAnnotatonsExecution" name="test2" time="0.013"/>
</testsuite> <!-- testNG.OrderOfAnnotatonsExecution -->
